
ch585_picc.elf:     file format elf32-littleriscv


Disassembly of section .init:

00000000 <InterruptVector>:
   0:	1ab0006f          	j	9aa <handle_reset>
   4:	00000000          	.word	0x00000000
   8:	00000a56          	.word	0x00000a56
   c:	00000a56          	.word	0x00000a56
  10:	f3f9bda9          	.word	0xf3f9bda9
  14:	00000a56          	.word	0x00000a56
	...
  20:	00000a56          	.word	0x00000a56
  24:	00000a56          	.word	0x00000a56
	...
  30:	00000a56          	.word	0x00000a56
  34:	00000000          	.word	0x00000000
  38:	00000a56          	.word	0x00000a56
  3c:	00000000          	.word	0x00000000
  40:	20000000          	.word	0x20000000
  44:	00000a56          	.word	0x00000a56
  48:	00000a56          	.word	0x00000a56
  4c:	00000a56          	.word	0x00000a56
  50:	00000a56          	.word	0x00000a56
  54:	00000a56          	.word	0x00000a56
  58:	00000a56          	.word	0x00000a56
  5c:	00000000          	.word	0x00000000
  60:	00000a56          	.word	0x00000a56
  64:	00000a56          	.word	0x00000a56
  68:	00000a56          	.word	0x00000a56
  6c:	00000a56          	.word	0x00000a56
  70:	00000a56          	.word	0x00000a56
  74:	00000a56          	.word	0x00000a56
  78:	00000a56          	.word	0x00000a56
  7c:	00000a56          	.word	0x00000a56
  80:	2000004a          	.word	0x2000004a
  84:	00000a56          	.word	0x00000a56
  88:	00000a56          	.word	0x00000a56
  8c:	00000a56          	.word	0x00000a56
  90:	00000a56          	.word	0x00000a56
  94:	00000a56          	.word	0x00000a56
  98:	00000a56          	.word	0x00000a56
  9c:	00000a56          	.word	0x00000a56

Disassembly of section .highcode:

20000000 <TMR0_IRQHandler>:
};


__INTERRUPT
__HIGH_CODE
void TMR0_IRQHandler(void) {
20000000:	7139                	addi	sp,sp,-64
20000002:	de06                	sw	ra,60(sp)
20000004:	dc16                	sw	t0,56(sp)
20000006:	da1a                	sw	t1,52(sp)
20000008:	d81e                	sw	t2,48(sp)
2000000a:	d62a                	sw	a0,44(sp)
2000000c:	d42e                	sw	a1,40(sp)
2000000e:	d232                	sw	a2,36(sp)
20000010:	d036                	sw	a3,32(sp)
20000012:	ce3a                	sw	a4,28(sp)
20000014:	cc3e                	sw	a5,24(sp)
20000016:	ca42                	sw	a6,20(sp)
20000018:	c846                	sw	a7,16(sp)
2000001a:	c672                	sw	t3,12(sp)
2000001c:	c476                	sw	t4,8(sp)
2000001e:	c27a                	sw	t5,4(sp)
20000020:	c07e                	sw	t6,0(sp)
    nfca_picc_rx_irq_handler();
20000022:	2b0d                	jal	20000554 <nfca_picc_rx_irq_handler>
}
20000024:	50f2                	lw	ra,60(sp)
20000026:	52e2                	lw	t0,56(sp)
20000028:	5352                	lw	t1,52(sp)
2000002a:	53c2                	lw	t2,48(sp)
2000002c:	5532                	lw	a0,44(sp)
2000002e:	55a2                	lw	a1,40(sp)
20000030:	5612                	lw	a2,36(sp)
20000032:	5682                	lw	a3,32(sp)
20000034:	4772                	lw	a4,28(sp)
20000036:	47e2                	lw	a5,24(sp)
20000038:	4852                	lw	a6,20(sp)
2000003a:	48c2                	lw	a7,16(sp)
2000003c:	4e32                	lw	t3,12(sp)
2000003e:	4ea2                	lw	t4,8(sp)
20000040:	4f12                	lw	t5,4(sp)
20000042:	4f82                	lw	t6,0(sp)
20000044:	6121                	addi	sp,sp,64
20000046:	30200073          	mret

2000004a <TMR3_IRQHandler>:

__INTERRUPT
__HIGH_CODE
void TMR3_IRQHandler(void) {
2000004a:	7139                	addi	sp,sp,-64
2000004c:	de06                	sw	ra,60(sp)
2000004e:	dc16                	sw	t0,56(sp)
20000050:	da1a                	sw	t1,52(sp)
20000052:	d81e                	sw	t2,48(sp)
20000054:	d62a                	sw	a0,44(sp)
20000056:	d42e                	sw	a1,40(sp)
20000058:	d232                	sw	a2,36(sp)
2000005a:	d036                	sw	a3,32(sp)
2000005c:	ce3a                	sw	a4,28(sp)
2000005e:	cc3e                	sw	a5,24(sp)
20000060:	ca42                	sw	a6,20(sp)
20000062:	c846                	sw	a7,16(sp)
20000064:	c672                	sw	t3,12(sp)
20000066:	c476                	sw	t4,8(sp)
20000068:	c27a                	sw	t5,4(sp)
2000006a:	c07e                	sw	t6,0(sp)
    nfca_picc_tx_irq_handler();
2000006c:	2fa9                	jal	200007c6 <nfca_picc_tx_irq_handler>
}
2000006e:	50f2                	lw	ra,60(sp)
20000070:	52e2                	lw	t0,56(sp)
20000072:	5352                	lw	t1,52(sp)
20000074:	53c2                	lw	t2,48(sp)
20000076:	5532                	lw	a0,44(sp)
20000078:	55a2                	lw	a1,40(sp)
2000007a:	5612                	lw	a2,36(sp)
2000007c:	5682                	lw	a3,32(sp)
2000007e:	4772                	lw	a4,28(sp)
20000080:	47e2                	lw	a5,24(sp)
20000082:	4852                	lw	a6,20(sp)
20000084:	48c2                	lw	a7,16(sp)
20000086:	4e32                	lw	t3,12(sp)
20000088:	4ea2                	lw	t4,8(sp)
2000008a:	4f12                	lw	t5,4(sp)
2000008c:	4f82                	lw	t6,0(sp)
2000008e:	6121                	addi	sp,sp,64
20000090:	30200073          	mret

20000094 <ISO14443ACalOddParityBit>:
	NVIC_EnableIRQ(TMR0_IRQn);
}

__HIGH_CODE
void ISO14443ACalOddParityBit(uint8_t *data, uint8_t *out_parity, uint16_t len) {
    for (int i = 0; i < len; i++) {
20000094:	4781                	li	a5,0
        out_parity[i] = byteParityBitsTable[data[i]];
20000096:	6685                	lui	a3,0x1
    for (int i = 0; i < len; i++) {
20000098:	00c7c363          	blt	a5,a2,2000009e <ISO14443ACalOddParityBit+0xa>
    }
}
2000009c:	8082                	ret
        out_parity[i] = byteParityBitsTable[data[i]];
2000009e:	00f508b3          	add	a7,a0,a5
200000a2:	0008c883          	lbu	a7,0(a7)
200000a6:	d3468713          	addi	a4,a3,-716 # d34 <byteParityBitsTable>
200000aa:	00f58833          	add	a6,a1,a5
200000ae:	9746                	add	a4,a4,a7
200000b0:	00074703          	lbu	a4,0(a4)
    for (int i = 0; i < len; i++) {
200000b4:	0785                	addi	a5,a5,1
        out_parity[i] = byteParityBitsTable[data[i]];
200000b6:	00e80023          	sb	a4,0(a6)
    for (int i = 0; i < len; i++) {
200000ba:	bff9                	j	20000098 <ISO14443ACalOddParityBit+0x4>

200000bc <nfca_picc_data_handler>:

__HIGH_CODE
static uint16_t nfca_picc_data_handler(uint16_t bits_num) {
	uint16_t send_bits = 0;

	if((bits_num == 7) && (((g_picc_data_buf[0] == 0x26)) || (g_picc_data_buf[0] == 0x52))) {
200000bc:	479d                	li	a5,7
200000be:	02f51d63          	bne	a0,a5,200000f8 <nfca_picc_data_handler+0x3c>
200000c2:	4301c703          	lbu	a4,1072(gp) # 2000103c <g_picc_data_buf>
200000c6:	02600693          	li	a3,38
200000ca:	00d70763          	beq	a4,a3,200000d8 <nfca_picc_data_handler+0x1c>
200000ce:	05200693          	li	a3,82
	uint16_t send_bits = 0;
200000d2:	4501                	li	a0,0
	if((bits_num == 7) && (((g_picc_data_buf[0] == 0x26)) || (g_picc_data_buf[0] == 0x52))) {
200000d4:	02d71463          	bne	a4,a3,200000fc <nfca_picc_data_handler+0x40>
static uint16_t nfca_picc_data_handler(uint16_t bits_num) {
200000d8:	1141                	addi	sp,sp,-16
		g_picc_data_buf[0] = 0x44;
200000da:	04400713          	li	a4,68
		g_picc_data_buf[1] = 0x00;
		send_bits = 16;
		ISO14443ACalOddParityBit(g_picc_data_buf, g_picc_parity_buf, 2);
200000de:	43018513          	addi	a0,gp,1072 # 2000103c <g_picc_data_buf>
200000e2:	4609                	li	a2,2
200000e4:	41c18593          	addi	a1,gp,1052 # 20001028 <g_picc_parity_buf>
static uint16_t nfca_picc_data_handler(uint16_t bits_num) {
200000e8:	c606                	sw	ra,12(sp)
		g_picc_data_buf[0] = 0x44;
200000ea:	42e19823          	sh	a4,1072(gp) # 2000103c <g_picc_data_buf>
		ISO14443ACalOddParityBit(g_picc_data_buf, g_picc_parity_buf, 2);
200000ee:	375d                	jal	20000094 <ISO14443ACalOddParityBit>
	}

	return send_bits;
}
200000f0:	40b2                	lw	ra,12(sp)
		send_bits = 16;
200000f2:	4541                	li	a0,16
}
200000f4:	0141                	addi	sp,sp,16
200000f6:	8082                	ret
	uint16_t send_bits = 0;
200000f8:	4501                	li	a0,0
200000fa:	8082                	ret
}
200000fc:	8082                	ret

200000fe <nfca_picc_lib_start>:
200000fe:	c181c783          	lbu	a5,-1000(gp) # 20000824 <nfca_available>
20000102:	c39d                	beqz	a5,20000128 <nfca_picc_lib_start+0x2a>
20000104:	4401a823          	sw	zero,1104(gp) # 2000105c <gs_nfca_picc_controller+0xc>
20000108:	4000e737          	lui	a4,0x4000e
2000010c:	4789                	li	a5,2
2000010e:	a31c                	.insn	2, 0xa31c
20000110:	0001                	nop
20000112:	04800793          	li	a5,72
20000116:	a31c                	.insn	2, 0xa31c
20000118:	2b5e                	.insn	2, 0x2b5e
2000011a:	0807c7b3          	.insn	4, 0x0807c7b3
2000011e:	9cf7f793          	andi	a5,a5,-1585
20000122:	6207e793          	ori	a5,a5,1568
20000126:	ab5e                	.insn	2, 0xab5e
20000128:	8082                	ret

2000012a <wch_nfca_picc_signal_decode>:
2000012a:	415c                	lw	a5,4(a0)
2000012c:	1101                	addi	sp,sp,-32
2000012e:	ce22                	sw	s0,28(sp)
20000130:	cc26                	sw	s1,24(sp)
20000132:	00051a23          	sh	zero,20(a0)
20000136:	02000fb7          	lui	t6,0x2000
2000013a:	00078023          	sb	zero,0(a5)
2000013e:	4881                	li	a7,0
20000140:	4781                	li	a5,0
20000142:	4801                	li	a6,0
20000144:	4e01                	li	t3,0
20000146:	03f00313          	li	t1,63
2000014a:	43a1                	li	t2,8
2000014c:	4405                	li	s0,1
2000014e:	0f85                	addi	t6,t6,1 # 2000001 <ch585_picc.c.44ecbd41+0x1ffe00e>
20000150:	0005ae83          	lw	t4,0(a1)
20000154:	97f6                	add	a5,a5,t4
20000156:	04f37f63          	bgeu	t1,a5,200001b4 <wch_nfca_picc_signal_decode+0x8a>
2000015a:	f9f78e93          	addi	t4,a5,-97
2000015e:	080e0b63          	beqz	t3,200001f4 <wch_nfca_picc_signal_decode+0xca>
20000162:	07d36263          	bltu	t1,t4,200001c6 <wch_nfca_picc_signal_decode+0x9c>
20000166:	8640                	.insn	2, 0x8640
20000168:	4785                	li	a5,1
2000016a:	4e05                	li	t3,1
2000016c:	4481                	li	s1,0
2000016e:	00c10e93          	addi	t4,sp,12
20000172:	9ea6                	add	t4,t4,s1
20000174:	000ecf03          	lbu	t5,0(t4)
20000178:	08789963          	bne	a7,t2,2000020a <wch_nfca_picc_signal_decode+0xe0>
2000017c:	00852883          	lw	a7,8(a0)
20000180:	98c2                	add	a7,a7,a6
20000182:	01e88023          	sb	t5,0(a7)
20000186:	01255883          	lhu	a7,18(a0)
2000018a:	0805                	addi	a6,a6,1
2000018c:	0ff87813          	zext.b	a6,a6
20000190:	05187863          	bgeu	a6,a7,200001e0 <wch_nfca_picc_signal_decode+0xb6>
20000194:	00452883          	lw	a7,4(a0)
20000198:	98c2                	add	a7,a7,a6
2000019a:	00088023          	sb	zero,0(a7)
2000019e:	4881                	li	a7,0
200001a0:	00148e93          	addi	t4,s1,1
200001a4:	4485                	li	s1,1
200001a6:	fcfee4e3          	bltu	t4,a5,2000016e <wch_nfca_picc_signal_decode+0x44>
200001aa:	01455e83          	lhu	t4,20(a0)
200001ae:	97f6                	add	a5,a5,t4
200001b0:	a95e                	.insn	2, 0xa95e
200001b2:	4781                	li	a5,0
200001b4:	01f5a023          	sw	t6,0(a1)
200001b8:	06c58863          	beq	a1,a2,20000228 <wch_nfca_picc_signal_decode+0xfe>
200001bc:	0591                	addi	a1,a1,4
200001be:	f8e5e9e3          	bltu	a1,a4,20000150 <wch_nfca_picc_signal_decode+0x26>
200001c2:	85b6                	mv	a1,a3
200001c4:	b771                	j	20000150 <wch_nfca_picc_signal_decode+0x26>
200001c6:	f1f78e93          	addi	t4,a5,-225
200001ca:	01d36763          	bltu	t1,t4,200001d8 <wch_nfca_picc_signal_decode+0xae>
200001ce:	10000793          	li	a5,256
200001d2:	867c                	.insn	2, 0x867c
200001d4:	4789                	li	a5,2
200001d6:	bf59                	j	2000016c <wch_nfca_picc_signal_decode+0x42>
200001d8:	f5f78793          	addi	a5,a5,-161
200001dc:	00f37763          	bgeu	t1,a5,200001ea <wch_nfca_picc_signal_decode+0xc0>
200001e0:	4505                	li	a0,1
200001e2:	4472                	lw	s0,28(sp)
200001e4:	44e2                	lw	s1,24(sp)
200001e6:	6105                	addi	sp,sp,32
200001e8:	8082                	ret
200001ea:	00011623          	sh	zero,12(sp)
200001ee:	4789                	li	a5,2
200001f0:	4e01                	li	t3,0
200001f2:	bfad                	j	2000016c <wch_nfca_picc_signal_decode+0x42>
200001f4:	01d36663          	bltu	t1,t4,20000200 <wch_nfca_picc_signal_decode+0xd6>
200001f8:	00010623          	sb	zero,12(sp)
200001fc:	4785                	li	a5,1
200001fe:	b7bd                	j	2000016c <wch_nfca_picc_signal_decode+0x42>
20000200:	f5f78793          	addi	a5,a5,-161
20000204:	f6f371e3          	bgeu	t1,a5,20000166 <wch_nfca_picc_signal_decode+0x3c>
20000208:	bfe1                	j	200001e0 <wch_nfca_picc_signal_decode+0xb6>
2000020a:	00452e83          	lw	t4,4(a0)
2000020e:	011f1f33          	sll	t5,t5,a7
20000212:	0885                	addi	a7,a7,1
20000214:	9ec2                	add	t4,t4,a6
20000216:	000ec283          	lbu	t0,0(t4)
2000021a:	0ff8f893          	zext.b	a7,a7
2000021e:	01e2ef33          	or	t5,t0,t5
20000222:	01ee8023          	sb	t5,0(t4)
20000226:	bfad                	j	200001a0 <wch_nfca_picc_signal_decode+0x76>
20000228:	000e1563          	bnez	t3,20000232 <wch_nfca_picc_signal_decode+0x108>
2000022c:	295e                	.insn	2, 0x295e
2000022e:	17fd                	addi	a5,a5,-1
20000230:	a95e                	.insn	2, 0xa95e
20000232:	01c50c23          	sb	t3,24(a0)
20000236:	4501                	li	a0,0
20000238:	b76d                	j	200001e2 <wch_nfca_picc_signal_decode+0xb8>

2000023a <wch_nfca_picc_wait_signal_decode>:
2000023a:	7179                	addi	sp,sp,-48
2000023c:	d622                	sw	s0,44(sp)
2000023e:	d426                	sw	s1,40(sp)
20000240:	d24a                	sw	s2,36(sp)
20000242:	d04e                	sw	s3,32(sp)
20000244:	ce52                	sw	s4,28(sp)
20000246:	87aa                	mv	a5,a0
20000248:	00051a23          	sh	zero,20(a0)
2000024c:	4148                	lw	a0,4(a0)
2000024e:	02000fb7          	lui	t6,0x2000
20000252:	4801                	li	a6,0
20000254:	00050023          	sb	zero,0(a0)
20000258:	4301                	li	t1,0
2000025a:	4881                	li	a7,0
2000025c:	4501                	li	a0,0
2000025e:	001f8393          	addi	t2,t6,1 # 2000001 <ch585_picc.c.44ecbd41+0x1ffe00e>
20000262:	03f00e13          	li	t3,63
20000266:	4421                	li	s0,8
20000268:	4485                	li	s1,1
2000026a:	40002937          	lui	s2,0x40002
2000026e:	ffc70993          	addi	s3,a4,-4 # 4000dffc <_eusrstack+0x1ffedffc>
20000272:	0005ae83          	lw	t4,0(a1)
20000276:	0075a023          	sw	t2,0(a1)
2000027a:	9876                	add	a6,a6,t4
2000027c:	050e7f63          	bgeu	t3,a6,200002da <wch_nfca_picc_wait_signal_decode+0xa0>
20000280:	f9f80e93          	addi	t4,a6,-97
20000284:	c179                	beqz	a0,2000034a <wch_nfca_picc_wait_signal_decode+0x110>
20000286:	09de6963          	bltu	t3,t4,20000318 <wch_nfca_picc_wait_signal_decode+0xde>
2000028a:	8644                	.insn	2, 0x8644
2000028c:	4805                	li	a6,1
2000028e:	4505                	li	a0,1
20000290:	4281                	li	t0,0
20000292:	00c10e93          	addi	t4,sp,12
20000296:	9e96                	add	t4,t4,t0
20000298:	000ecf03          	lbu	t5,0(t4)
2000029c:	10831763          	bne	t1,s0,200003aa <wch_nfca_picc_wait_signal_decode+0x170>
200002a0:	0087a303          	lw	t1,8(a5)
200002a4:	9346                	add	t1,t1,a7
200002a6:	01e30023          	sb	t5,0(t1)
200002aa:	0127d303          	lhu	t1,18(a5)
200002ae:	0885                	addi	a7,a7,1
200002b0:	0ff8f893          	zext.b	a7,a7
200002b4:	0a68fd63          	bgeu	a7,t1,2000036e <wch_nfca_picc_wait_signal_decode+0x134>
200002b8:	0047a303          	lw	t1,4(a5)
200002bc:	9346                	add	t1,t1,a7
200002be:	00030023          	sb	zero,0(t1)
200002c2:	4301                	li	t1,0
200002c4:	00128e93          	addi	t4,t0,1
200002c8:	4285                	li	t0,1
200002ca:	fd0ee4e3          	bltu	t4,a6,20000292 <wch_nfca_picc_wait_signal_decode+0x58>
200002ce:	0147de83          	lhu	t4,20(a5)
200002d2:	9876                	add	a6,a6,t4
200002d4:	01079a23          	sh	a6,20(a5)
200002d8:	4801                	li	a6,0
200002da:	01492e83          	lw	t4,20(s2) # 40002014 <_eusrstack+0x1ffe2014>
200002de:	8f4e                	mv	t5,s3
200002e0:	29de9e93          	.insn	4, 0x29de9e93
200002e4:	01d68463          	beq	a3,t4,200002ec <wch_nfca_picc_wait_signal_decode+0xb2>
200002e8:	ffce8f13          	addi	t5,t4,-4
200002ec:	03e59163          	bne	a1,t5,2000030e <wch_nfca_picc_wait_signal_decode+0xd4>
200002f0:	400022b7          	lui	t0,0x40002
200002f4:	ffc70a13          	addi	s4,a4,-4
200002f8:	0142ae83          	lw	t4,20(t0) # 40002014 <_eusrstack+0x1ffe2014>
200002fc:	8f52                	mv	t5,s4
200002fe:	29de9e93          	.insn	4, 0x29de9e93
20000302:	01d68463          	beq	a3,t4,2000030a <wch_nfca_picc_wait_signal_decode+0xd0>
20000306:	ffce8f13          	addi	t5,t4,-4
2000030a:	ffe587e3          	beq	a1,t5,200002f8 <wch_nfca_picc_wait_signal_decode+0xbe>
2000030e:	0591                	addi	a1,a1,4
20000310:	f6e5e1e3          	bltu	a1,a4,20000272 <wch_nfca_picc_wait_signal_decode+0x38>
20000314:	85b6                	mv	a1,a3
20000316:	bfb1                	j	20000272 <wch_nfca_picc_wait_signal_decode+0x38>
20000318:	f1f80e93          	addi	t4,a6,-225
2000031c:	01de6863          	bltu	t3,t4,2000032c <wch_nfca_picc_wait_signal_decode+0xf2>
20000320:	10000813          	li	a6,256
20000324:	01011623          	sh	a6,12(sp)
20000328:	4809                	li	a6,2
2000032a:	b79d                	j	20000290 <wch_nfca_picc_wait_signal_decode+0x56>
2000032c:	f5f80513          	addi	a0,a6,-161
20000330:	00ae6763          	bltu	t3,a0,2000033e <wch_nfca_picc_wait_signal_decode+0x104>
20000334:	00011623          	sh	zero,12(sp)
20000338:	4809                	li	a6,2
2000033a:	4501                	li	a0,0
2000033c:	bf91                	j	20000290 <wch_nfca_picc_wait_signal_decode+0x56>
2000033e:	03f86863          	bltu	a6,t6,2000036e <wch_nfca_picc_wait_signal_decode+0x134>
20000342:	4705                	li	a4,1
20000344:	af98                	.insn	2, 0xaf98
20000346:	4501                	li	a0,0
20000348:	a0b9                	j	20000396 <wch_nfca_picc_wait_signal_decode+0x15c>
2000034a:	01de6663          	bltu	t3,t4,20000356 <wch_nfca_picc_wait_signal_decode+0x11c>
2000034e:	00010623          	sb	zero,12(sp)
20000352:	4805                	li	a6,1
20000354:	bf35                	j	20000290 <wch_nfca_picc_wait_signal_decode+0x56>
20000356:	f5f80e93          	addi	t4,a6,-161
2000035a:	f3de78e3          	bgeu	t3,t4,2000028a <wch_nfca_picc_wait_signal_decode+0x50>
2000035e:	01f86863          	bltu	a6,t6,2000036e <wch_nfca_picc_wait_signal_decode+0x134>
20000362:	2bda                	.insn	2, 0x2bda
20000364:	00078c23          	sb	zero,24(a5)
20000368:	177d                	addi	a4,a4,-1
2000036a:	abda                	.insn	2, 0xabda
2000036c:	a02d                	j	20000396 <wch_nfca_picc_wait_signal_decode+0x15c>
2000036e:	400028b7          	lui	a7,0x40002
20000372:	1771                	addi	a4,a4,-4
20000374:	02000837          	lui	a6,0x2000
20000378:	0148a503          	lw	a0,20(a7) # 40002014 <_eusrstack+0x1ffe2014>
2000037c:	87ba                	mv	a5,a4
2000037e:	29d51513          	.insn	4, 0x29d51513
20000382:	00d50463          	beq	a0,a3,2000038a <wch_nfca_picc_wait_signal_decode+0x150>
20000386:	ffc50793          	addi	a5,a0,-4
2000038a:	fef587e3          	beq	a1,a5,20000378 <wch_nfca_picc_wait_signal_decode+0x13e>
2000038e:	4388                	lw	a0,0(a5)
20000390:	01056b63          	bltu	a0,a6,200003a6 <wch_nfca_picc_wait_signal_decode+0x16c>
20000394:	4505                	li	a0,1
20000396:	5432                	lw	s0,44(sp)
20000398:	c20c                	sw	a1,0(a2)
2000039a:	54a2                	lw	s1,40(sp)
2000039c:	5912                	lw	s2,36(sp)
2000039e:	5982                	lw	s3,32(sp)
200003a0:	4a72                	lw	s4,28(sp)
200003a2:	6145                	addi	sp,sp,48
200003a4:	8082                	ret
200003a6:	85be                	mv	a1,a5
200003a8:	bfc1                	j	20000378 <wch_nfca_picc_wait_signal_decode+0x13e>
200003aa:	0047ae83          	lw	t4,4(a5)
200003ae:	006f1f33          	sll	t5,t5,t1
200003b2:	0305                	addi	t1,t1,1
200003b4:	9ec6                	add	t4,t4,a7
200003b6:	000eca03          	lbu	s4,0(t4)
200003ba:	0ff37313          	zext.b	t1,t1
200003be:	01ea6f33          	or	t5,s4,t5
200003c2:	01ee8023          	sb	t5,0(t4)
200003c6:	bdfd                	j	200002c4 <wch_nfca_picc_wait_signal_decode+0x8a>

200003c8 <wch_nfca_picc_send_bits>:
200003c8:	411c                	lw	a5,0(a0)
200003ca:	1141                	addi	sp,sp,-16
200003cc:	00c52803          	lw	a6,12(a0)
200003d0:	c422                	sw	s0,8(sp)
200003d2:	c606                	sw	ra,12(sp)
200003d4:	4721                	li	a4,8
200003d6:	c398                	sw	a4,0(a5)
200003d8:	0007a223          	sw	zero,4(a5)
200003dc:	290e                	.insn	2, 0x290e
200003de:	842a                	mv	s0,a0
200003e0:	07a1                	addi	a5,a5,8
200003e2:	0a080563          	beqz	a6,2000048c <wch_nfca_picc_send_bits+0xc4>
200003e6:	2976                	.insn	2, 0x2976
200003e8:	4505                	li	a0,1
200003ea:	00b68713          	addi	a4,a3,11
200003ee:	08b75463          	bge	a4,a1,20000476 <wch_nfca_picc_send_bits+0xae>
200003f2:	863e                	mv	a2,a5
200003f4:	4701                	li	a4,0
200003f6:	08d76463          	bltu	a4,a3,2000047e <wch_nfca_picc_send_bits+0xb6>
200003fa:	00042623          	sw	zero,12(s0)
200003fe:	20f6c7b3          	.insn	4, 0x20f6c7b3
20000402:	02400613          	li	a2,36
20000406:	853e                	mv	a0,a5
20000408:	4581                	li	a1,0
2000040a:	e0000097          	auipc	ra,0xe0000
2000040e:	660080e7          	jalr	1632(ra) # a6a <memset>
20000412:	40003737          	lui	a4,0x40003
20000416:	c00700a3          	sb	zero,-1023(a4) # 40002c01 <_eusrstack+0x1ffe2c01>
2000041a:	4010                	lw	a2,0(s0)
2000041c:	c1870693          	addi	a3,a4,-1000
20000420:	02450793          	addi	a5,a0,36
20000424:	c290                	sw	a2,0(a3)
20000426:	c1c70693          	addi	a3,a4,-996
2000042a:	c29c                	sw	a5,0(a3)
2000042c:	c0074783          	lbu	a5,-1024(a4)
20000430:	0ff7f613          	zext.b	a2,a5
20000434:	0dd7f793          	andi	a5,a5,221
20000438:	0027e713          	ori	a4,a5,2
2000043c:	2c1c                	.insn	2, 0x2c1c
2000043e:	c3e9                	beqz	a5,20000500 <wch_nfca_picc_send_bits+0x138>
20000440:	400026b7          	lui	a3,0x40002
20000444:	22fc                	.insn	2, 0x22fc
20000446:	8b85                	andi	a5,a5,1
20000448:	dff5                	beqz	a5,20000444 <wch_nfca_picc_send_bits+0x7c>
2000044a:	400037b7          	lui	a5,0x40003
2000044e:	c0e78023          	sb	a4,-1024(a5) # 40002c00 <_eusrstack+0x1ffe2c00>
20000452:	4689                	li	a3,2
20000454:	c0c78713          	addi	a4,a5,-1012
20000458:	c314                	sw	a3,0(a4)
2000045a:	0001                	nop
2000045c:	0001                	nop
2000045e:	46c9                	li	a3,18
20000460:	c314                	sw	a3,0(a4)
20000462:	c0c78023          	sb	a2,-1024(a5)
20000466:	4705                	li	a4,1
20000468:	c0e780a3          	sb	a4,-1023(a5)
2000046c:	400027b7          	lui	a5,0x40002
20000470:	470d                	li	a4,3
20000472:	a398                	.insn	2, 0xa398
20000474:	4501                	li	a0,0
20000476:	40b2                	lw	ra,12(sp)
20000478:	4422                	lw	s0,8(sp)
2000047a:	0141                	addi	sp,sp,16
2000047c:	8082                	ret
2000047e:	00e805b3          	add	a1,a6,a4
20000482:	218c                	.insn	2, 0x218c
20000484:	0705                	addi	a4,a4,1
20000486:	c20c                	sw	a1,0(a2)
20000488:	0611                	addi	a2,a2,4
2000048a:	b7b5                	j	200003f6 <wch_nfca_picc_send_bits+0x2e>
2000048c:	2952                	.insn	2, 0x2952
2000048e:	46c9                	li	a3,18
20000490:	4505                	li	a0,1
20000492:	00365713          	srli	a4,a2,0x3
20000496:	02d70733          	mul	a4,a4,a3
2000049a:	0731                	addi	a4,a4,12
2000049c:	fce5ede3          	bltu	a1,a4,20000476 <wch_nfca_picc_send_bits+0xae>
200004a0:	00442803          	lw	a6,4(s0)
200004a4:	00842883          	lw	a7,8(s0)
200004a8:	4521                	li	a0,8
200004aa:	833e                	mv	t1,a5
200004ac:	86b2                	mv	a3,a2
200004ae:	4701                	li	a4,0
200004b0:	00084583          	lbu	a1,0(a6) # 2000000 <ch585_picc.c.44ecbd41+0x1ffe00d>
200004b4:	40d60e33          	sub	t3,a2,a3
200004b8:	49c5d5b3          	.insn	4, 0x49c5d5b3
200004bc:	4e21                	li	t3,8
200004be:	c199                	beqz	a1,200004c4 <wch_nfca_picc_send_bits+0xfc>
200004c0:	45a1                	li	a1,8
200004c2:	4e01                	li	t3,0
200004c4:	c38c                	sw	a1,0(a5)
200004c6:	01c7a223          	sw	t3,4(a5) # 40002004 <_eusrstack+0x1ffe2004>
200004ca:	0705                	addi	a4,a4,1
200004cc:	16fd                	addi	a3,a3,-1 # 40001fff <_eusrstack+0x1ffe1fff>
200004ce:	07a1                	addi	a5,a5,8
200004d0:	0ff77713          	zext.b	a4,a4
200004d4:	cab1                	beqz	a3,20000528 <wch_nfca_picc_send_bits+0x160>
200004d6:	02a71063          	bne	a4,a0,200004f6 <wch_nfca_picc_send_bits+0x12e>
200004da:	0008c703          	lbu	a4,0(a7)
200004de:	ef11                	bnez	a4,200004fa <wch_nfca_picc_send_bits+0x132>
200004e0:	4601                	li	a2,0
200004e2:	4721                	li	a4,8
200004e4:	c390                	sw	a2,0(a5)
200004e6:	c3d8                	sw	a4,4(a5)
200004e8:	0885                	addi	a7,a7,1
200004ea:	01030793          	addi	a5,t1,16
200004ee:	0805                	addi	a6,a6,1
200004f0:	da89                	beqz	a3,20000402 <wch_nfca_picc_send_bits+0x3a>
200004f2:	8636                	mv	a2,a3
200004f4:	bf5d                	j	200004aa <wch_nfca_picc_send_bits+0xe2>
200004f6:	833e                	mv	t1,a5
200004f8:	bf65                	j	200004b0 <wch_nfca_picc_send_bits+0xe8>
200004fa:	4621                	li	a2,8
200004fc:	4701                	li	a4,0
200004fe:	b7dd                	j	200004e4 <wch_nfca_picc_send_bits+0x11c>
20000500:	400027b7          	lui	a5,0x40002
20000504:	23f4                	.insn	2, 0x23f4
20000506:	8a85                	andi	a3,a3,1
20000508:	f2a9                	bnez	a3,2000044a <wch_nfca_picc_send_bits+0x82>
2000050a:	4794                	lw	a3,8(a5)
2000050c:	47dc                	lw	a5,12(a5)
2000050e:	04000593          	li	a1,64
20000512:	00f5f463          	bgeu	a1,a5,2000051a <wch_nfca_picc_send_bits+0x152>
20000516:	fc078793          	addi	a5,a5,-64 # 40001fc0 <_eusrstack+0x1ffe1fc0>
2000051a:	f2f6f8e3          	bgeu	a3,a5,2000044a <wch_nfca_picc_send_bits+0x82>
2000051e:	8f95                	sub	a5,a5,a3
20000520:	400026b7          	lui	a3,0x40002
20000524:	c6dc                	sw	a5,12(a3)
20000526:	bf29                	j	20000440 <wch_nfca_picc_send_bits+0x78>
20000528:	faa709e3          	beq	a4,a0,200004da <wch_nfca_picc_send_bits+0x112>
2000052c:	bdd9                	j	20000402 <wch_nfca_picc_send_bits+0x3a>

2000052e <nfca_picc_rx_find_data>:
2000052e:	87aa                	mv	a5,a0
20000530:	02b57063          	bgeu	a0,a1,20000550 <nfca_picc_rx_find_data+0x22>
20000534:	ffc58513          	addi	a0,a1,-4
20000538:	02000737          	lui	a4,0x2000
2000053c:	4114                	lw	a3,0(a0)
2000053e:	c601                	beqz	a2,20000546 <nfca_picc_rx_find_data+0x18>
20000540:	00e6e563          	bltu	a3,a4,2000054a <nfca_picc_rx_find_data+0x1c>
20000544:	8082                	ret
20000546:	00e6e663          	bltu	a3,a4,20000552 <nfca_picc_rx_find_data+0x24>
2000054a:	1571                	addi	a0,a0,-4
2000054c:	fef578e3          	bgeu	a0,a5,2000053c <nfca_picc_rx_find_data+0xe>
20000550:	4501                	li	a0,0
20000552:	8082                	ret

20000554 <nfca_picc_rx_irq_handler>:
20000554:	7179                	addi	sp,sp,-48
20000556:	400027b7          	lui	a5,0x40002
2000055a:	d422                	sw	s0,40(sp)
2000055c:	d226                	sw	s1,36(sp)
2000055e:	d04a                	sw	s2,32(sp)
20000560:	d606                	sw	ra,44(sp)
20000562:	ce4e                	sw	s3,28(sp)
20000564:	23f8                	.insn	2, 0x23f8
20000566:	0ff77713          	zext.b	a4,a4
2000056a:	a3f8                	.insn	2, 0xa3f8
2000056c:	4f84                	lw	s1,24(a5)
2000056e:	01c7a903          	lw	s2,28(a5) # 4000201c <_eusrstack+0x1ffe201c>
20000572:	4bc0                	lw	s0,20(a5)
20000574:	29d49493          	.insn	4, 0x29d49493
20000578:	29d91913          	.insn	4, 0x29d91913
2000057c:	29d41413          	.insn	4, 0x29d41413
20000580:	12848663          	beq	s1,s0,200006ac <nfca_picc_rx_irq_handler+0x158>
20000584:	03246b63          	bltu	s0,s2,200005ba <nfca_picc_rx_irq_handler+0x66>
20000588:	400027b7          	lui	a5,0x40002
2000058c:	4709                	li	a4,2
2000058e:	a398                	.insn	2, 0xa398
20000590:	00078023          	sb	zero,0(a5) # 40002000 <_eusrstack+0x1ffe2000>
20000594:	4715                	li	a4,5
20000596:	b398                	.insn	2, 0xb398
20000598:	12000713          	li	a4,288
2000059c:	c7d8                	sw	a4,12(a5)
2000059e:	5715                	li	a4,-27
200005a0:	a398                	.insn	2, 0xa398
200005a2:	50b2                	lw	ra,44(sp)
200005a4:	5422                	lw	s0,40(sp)
200005a6:	e000e7b7          	lui	a5,0xe000e
200005aa:	6741                	lui	a4,0x10
200005ac:	28e7a023          	sw	a4,640(a5) # e000e280 <_eusrstack+0xbffee280>
200005b0:	5492                	lw	s1,36(sp)
200005b2:	5902                	lw	s2,32(sp)
200005b4:	49f2                	lw	s3,28(sp)
200005b6:	6145                	addi	sp,sp,48
200005b8:	8082                	ret
200005ba:	fc84f7e3          	bgeu	s1,s0,20000588 <nfca_picc_rx_irq_handler+0x34>
200005be:	1471                	addi	s0,s0,-4
200005c0:	4018                	lw	a4,0(s0)
200005c2:	020007b7          	lui	a5,0x2000
200005c6:	0ef77c63          	bgeu	a4,a5,200006be <nfca_picc_rx_irq_handler+0x16a>
200005ca:	4605                	li	a2,1
200005cc:	85a2                	mv	a1,s0
200005ce:	8526                	mv	a0,s1
200005d0:	3fb9                	jal	2000052e <nfca_picc_rx_find_data>
200005d2:	e519                	bnez	a0,200005e0 <nfca_picc_rx_irq_handler+0x8c>
200005d4:	4605                	li	a2,1
200005d6:	85ca                	mv	a1,s2
200005d8:	00440513          	addi	a0,s0,4
200005dc:	3f89                	jal	2000052e <nfca_picc_rx_find_data>
200005de:	d54d                	beqz	a0,20000588 <nfca_picc_rx_irq_handler+0x34>
200005e0:	0511                	addi	a0,a0,4
200005e2:	01256363          	bltu	a0,s2,200005e8 <nfca_picc_rx_irq_handler+0x94>
200005e6:	8526                	mv	a0,s1
200005e8:	020007b7          	lui	a5,0x2000
200005ec:	0785                	addi	a5,a5,1 # 2000001 <ch585_picc.c.44ecbd41+0x1ffe00e>
200005ee:	c11c                	sw	a5,0(a0)
200005f0:	400026b7          	lui	a3,0x40002
200005f4:	ffc90613          	addi	a2,s2,-4
200005f8:	4adc                	lw	a5,20(a3)
200005fa:	8732                	mv	a4,a2
200005fc:	29d79793          	.insn	4, 0x29d79793
20000600:	00978463          	beq	a5,s1,20000608 <nfca_picc_rx_irq_handler+0xb4>
20000604:	ffc78713          	addi	a4,a5,-4
20000608:	fea708e3          	beq	a4,a0,200005f8 <nfca_picc_rx_irq_handler+0xa4>
2000060c:	00450593          	addi	a1,a0,4
20000610:	0125e363          	bltu	a1,s2,20000616 <nfca_picc_rx_irq_handler+0xc2>
20000614:	85a6                	mv	a1,s1
20000616:	4198                	lw	a4,0(a1)
20000618:	020007b7          	lui	a5,0x2000
2000061c:	f6f776e3          	bgeu	a4,a5,20000588 <nfca_picc_rx_irq_handler+0x34>
20000620:	874a                	mv	a4,s2
20000622:	86a6                	mv	a3,s1
20000624:	0070                	addi	a2,sp,12
20000626:	44418513          	addi	a0,gp,1092 # 20001050 <gs_nfca_picc_controller>
2000062a:	3901                	jal	2000023a <wch_nfca_picc_wait_signal_decode>
2000062c:	fd31                	bnez	a0,20000588 <nfca_picc_rx_irq_handler+0x34>
2000062e:	400027b7          	lui	a5,0x40002
20000632:	4bdc                	lw	a5,20(a5)
20000634:	ffc90713          	addi	a4,s2,-4
20000638:	29d79793          	.insn	4, 0x29d79793
2000063c:	00978463          	beq	a5,s1,20000644 <nfca_picc_rx_irq_handler+0xf0>
20000640:	ffc78713          	addi	a4,a5,-4 # 40001ffc <_eusrstack+0x1ffe1ffc>
20000644:	47b2                	lw	a5,12(sp)
20000646:	06f76663          	bltu	a4,a5,200006b2 <nfca_picc_rx_irq_handler+0x15e>
2000064a:	8f1d                	sub	a4,a4,a5
2000064c:	00275793          	srli	a5,a4,0x2
20000650:	40002737          	lui	a4,0x40002
20000654:	4714                	lw	a3,8(a4)
20000656:	4609                	li	a2,2
20000658:	000700a3          	sb	zero,1(a4) # 40002001 <_eusrstack+0x1ffe2001>
2000065c:	a310                	.insn	2, 0xa310
2000065e:	0785                	addi	a5,a5,1
20000660:	12000713          	li	a4,288
20000664:	02e787b3          	mul	a5,a5,a4
20000668:	4751                	li	a4,20
2000066a:	97b6                	add	a5,a5,a3
2000066c:	4c900693          	li	a3,1225
20000670:	00f6e563          	bltu	a3,a5,2000067a <nfca_picc_rx_irq_handler+0x126>
20000674:	4de00713          	li	a4,1246
20000678:	8f1d                	sub	a4,a4,a5
2000067a:	400027b7          	lui	a5,0x40002
2000067e:	c7d8                	sw	a4,12(a5)
20000680:	02400713          	li	a4,36
20000684:	a398                	.insn	2, 0xa398
20000686:	c141a783          	lw	a5,-1004(gp) # 20000820 <gs_nfca_picc_cb>
2000068a:	ee078fe3          	beqz	a5,20000588 <nfca_picc_rx_irq_handler+0x34>
2000068e:	43dc                	lw	a5,4(a5)
20000690:	ee078ce3          	beqz	a5,20000588 <nfca_picc_rx_irq_handler+0x34>
20000694:	44418413          	addi	s0,gp,1092 # 20001050 <gs_nfca_picc_controller>
20000698:	284a                	.insn	2, 0x284a
2000069a:	9782                	jalr	a5
2000069c:	a84a                	.insn	2, 0xa84a
2000069e:	ee0505e3          	beqz	a0,20000588 <nfca_picc_rx_irq_handler+0x34>
200006a2:	8522                	mv	a0,s0
200006a4:	3315                	jal	200003c8 <wch_nfca_picc_send_bits>
200006a6:	ee0511e3          	bnez	a0,20000588 <nfca_picc_rx_irq_handler+0x34>
200006aa:	bde5                	j	200005a2 <nfca_picc_rx_irq_handler+0x4e>
200006ac:	ffc90413          	addi	s0,s2,-4
200006b0:	bf01                	j	200005c0 <nfca_picc_rx_irq_handler+0x6c>
200006b2:	97a6                	add	a5,a5,s1
200006b4:	40f907b3          	sub	a5,s2,a5
200006b8:	97ba                	add	a5,a5,a4
200006ba:	8389                	srli	a5,a5,0x2
200006bc:	bf51                	j	20000650 <nfca_picc_rx_irq_handler+0xfc>
200006be:	400027b7          	lui	a5,0x40002
200006c2:	4794                	lw	a3,8(a5)
200006c4:	4709                	li	a4,2
200006c6:	000780a3          	sb	zero,1(a5) # 40002001 <_eusrstack+0x1ffe2001>
200006ca:	a398                	.insn	2, 0xa398
200006cc:	3be00713          	li	a4,958
200006d0:	00078023          	sb	zero,0(a5)
200006d4:	8f15                	sub	a4,a4,a3
200006d6:	c7d8                	sw	a4,12(a5)
200006d8:	02400713          	li	a4,36
200006dc:	a398                	.insn	2, 0xa398
200006de:	4601                	li	a2,0
200006e0:	85a2                	mv	a1,s0
200006e2:	8526                	mv	a0,s1
200006e4:	35a9                	jal	2000052e <nfca_picc_rx_find_data>
200006e6:	c62a                	sw	a0,12(sp)
200006e8:	c10d                	beqz	a0,2000070a <nfca_picc_rx_irq_handler+0x1b6>
200006ea:	49b2                	lw	s3,12(sp)
200006ec:	0289e763          	bltu	s3,s0,2000071a <nfca_picc_rx_irq_handler+0x1c6>
200006f0:	4605                	li	a2,1
200006f2:	85ce                	mv	a1,s3
200006f4:	00440513          	addi	a0,s0,4
200006f8:	3d1d                	jal	2000052e <nfca_picc_rx_find_data>
200006fa:	e80507e3          	beqz	a0,20000588 <nfca_picc_rx_irq_handler+0x34>
200006fe:	009987b3          	add	a5,s3,s1
20000702:	40f907b3          	sub	a5,s2,a5
20000706:	943e                	add	s0,s0,a5
20000708:	a03d                	j	20000736 <nfca_picc_rx_irq_handler+0x1e2>
2000070a:	4601                	li	a2,0
2000070c:	85ca                	mv	a1,s2
2000070e:	00840513          	addi	a0,s0,8
20000712:	3d31                	jal	2000052e <nfca_picc_rx_find_data>
20000714:	c62a                	sw	a0,12(sp)
20000716:	f971                	bnez	a0,200006ea <nfca_picc_rx_irq_handler+0x196>
20000718:	bd85                	j	20000588 <nfca_picc_rx_irq_handler+0x34>
2000071a:	4605                	li	a2,1
2000071c:	85ce                	mv	a1,s3
2000071e:	8526                	mv	a0,s1
20000720:	3539                	jal	2000052e <nfca_picc_rx_find_data>
20000722:	e901                	bnez	a0,20000732 <nfca_picc_rx_irq_handler+0x1de>
20000724:	4605                	li	a2,1
20000726:	85ca                	mv	a1,s2
20000728:	00440513          	addi	a0,s0,4
2000072c:	3509                	jal	2000052e <nfca_picc_rx_find_data>
2000072e:	e4050de3          	beqz	a0,20000588 <nfca_picc_rx_irq_handler+0x34>
20000732:	41340433          	sub	s0,s0,s3
20000736:	8009                	srli	s0,s0,0x2
20000738:	07357c63          	bgeu	a0,s3,200007b0 <nfca_picc_rx_irq_handler+0x25c>
2000073c:	40a989b3          	sub	s3,s3,a0
20000740:	47a1                	li	a5,8
20000742:	e537f3e3          	bgeu	a5,s3,20000588 <nfca_picc_rx_irq_handler+0x34>
20000746:	4791                	li	a5,4
20000748:	0487e163          	bltu	a5,s0,2000078a <nfca_picc_rx_irq_handler+0x236>
2000074c:	400027b7          	lui	a5,0x40002
20000750:	02000713          	li	a4,32
20000754:	a398                	.insn	2, 0xa398
20000756:	23f8                	.insn	2, 0x23f8
20000758:	8b05                	andi	a4,a4,1
2000075a:	e31d                	bnez	a4,20000780 <nfca_picc_rx_irq_handler+0x22c>
2000075c:	12000713          	li	a4,288
20000760:	02e40433          	mul	s0,s0,a4
20000764:	4798                	lw	a4,8(a5)
20000766:	943a                	add	s0,s0,a4
20000768:	4c900713          	li	a4,1225
2000076c:	00876a63          	bltu	a4,s0,20000780 <nfca_picc_rx_irq_handler+0x22c>
20000770:	4709                	li	a4,2
20000772:	a398                	.insn	2, 0xa398
20000774:	4de00713          	li	a4,1246
20000778:	00078023          	sb	zero,0(a5) # 40002000 <_eusrstack+0x1ffe2000>
2000077c:	8f01                	sub	a4,a4,s0
2000077e:	c7d8                	sw	a4,12(a5)
20000780:	400027b7          	lui	a5,0x40002
20000784:	02400713          	li	a4,36
20000788:	a398                	.insn	2, 0xa398
2000078a:	020007b7          	lui	a5,0x2000
2000078e:	00450713          	addi	a4,a0,4
20000792:	0785                	addi	a5,a5,1 # 2000001 <ch585_picc.c.44ecbd41+0x1ffe00e>
20000794:	03276263          	bltu	a4,s2,200007b8 <nfca_picc_rx_irq_handler+0x264>
20000798:	c09c                	sw	a5,0(s1)
2000079a:	00448593          	addi	a1,s1,4
2000079e:	4632                	lw	a2,12(sp)
200007a0:	874a                	mv	a4,s2
200007a2:	86a6                	mv	a3,s1
200007a4:	44418513          	addi	a0,gp,1092 # 20001050 <gs_nfca_picc_controller>
200007a8:	3249                	jal	2000012a <wch_nfca_picc_signal_decode>
200007aa:	dc051fe3          	bnez	a0,20000588 <nfca_picc_rx_irq_handler+0x34>
200007ae:	bde1                	j	20000686 <nfca_picc_rx_irq_handler+0x132>
200007b0:	99ca                	add	s3,s3,s2
200007b2:	409989b3          	sub	s3,s3,s1
200007b6:	b759                	j	2000073c <nfca_picc_rx_irq_handler+0x1e8>
200007b8:	c15c                	sw	a5,4(a0)
200007ba:	00850593          	addi	a1,a0,8
200007be:	ff25e0e3          	bltu	a1,s2,2000079e <nfca_picc_rx_irq_handler+0x24a>
200007c2:	85a6                	mv	a1,s1
200007c4:	bfe9                	j	2000079e <nfca_picc_rx_irq_handler+0x24a>

200007c6 <nfca_picc_tx_irq_handler>:
200007c6:	400037b7          	lui	a5,0x40003
200007ca:	c067c703          	lbu	a4,-1018(a5) # 40002c06 <_eusrstack+0x1ffe2c06>
200007ce:	c1478693          	addi	a3,a5,-1004
200007d2:	c00780a3          	sb	zero,-1023(a5)
200007d6:	4294                	lw	a3,0(a3)
200007d8:	c1c78613          	addi	a2,a5,-996
200007dc:	0ff77713          	zext.b	a4,a4
200007e0:	10068693          	addi	a3,a3,256 # 40002100 <_eusrstack+0x1ffe2100>
200007e4:	c214                	sw	a3,0(a2)
200007e6:	c0e78323          	sb	a4,-1018(a5)
200007ea:	400027b7          	lui	a5,0x40002
200007ee:	4709                	li	a4,2
200007f0:	a398                	.insn	2, 0xa398
200007f2:	00078023          	sb	zero,0(a5) # 40002000 <_eusrstack+0x1ffe2000>
200007f6:	12000713          	li	a4,288
200007fa:	c7d8                	sw	a4,12(a5)
200007fc:	4715                	li	a4,5
200007fe:	b398                	.insn	2, 0xb398
20000800:	5715                	li	a4,-27
20000802:	a398                	.insn	2, 0xa398
20000804:	e000e7b7          	lui	a5,0xe000e
20000808:	6741                	lui	a4,0x10
2000080a:	28e7a023          	sw	a4,640(a5) # e000e280 <_eusrstack+0xbffee280>
2000080e:	8082                	ret

Disassembly of section .text:

000008b0 <nfca_picc_online>:

static void nfca_picc_online(void) {}
 8b0:	8082                	ret

000008b2 <nfca_picc_offline>:
static void nfca_picc_offline(void) {}
 8b2:	8082                	ret

000008b4 <internal_handle_input.constprop.0>:
 8b4:	e00007b7          	lui	a5,0xe0000
 8b8:	3407a783          	lw	a5,832(a5) # e0000340 <_eusrstack+0xbffe0340>
 8bc:	8082                	ret

000008be <_write.constprop.0>:
 8be:	7139                	addi	sp,sp,-64
 8c0:	dc22                	sw	s0,56(sp)
 8c2:	e0000437          	lui	s0,0xe0000
 8c6:	34040413          	addi	s0,s0,832 # e0000340 <_eusrstack+0xbffe0340>
 8ca:	401c                	lw	a5,0(s0)
 8cc:	de06                	sw	ra,60(sp)
 8ce:	da26                	sw	s1,52(sp)
 8d0:	d84a                	sw	s2,48(sp)
 8d2:	d64e                	sw	s3,44(sp)
 8d4:	d452                	sw	s4,40(sp)
 8d6:	d256                	sw	s5,36(sp)
 8d8:	d05a                	sw	s6,32(sp)
 8da:	ce5e                	sw	s7,28(sp)
 8dc:	0c07f793          	andi	a5,a5,192
 8e0:	0c000713          	li	a4,192
 8e4:	00e78b63          	beq	a5,a4,8fa <_write.constprop.0+0x3c>
 8e8:	c602                	sw	zero,12(sp)
 8ea:	84ae                	mv	s1,a1
 8ec:	e5d5                	bnez	a1,998 <_write.constprop.0+0xda>
 8ee:	401c                	lw	a5,0(s0)
 8f0:	c789                	beqz	a5,8fa <_write.constprop.0+0x3c>
 8f2:	0807f793          	andi	a5,a5,128
 8f6:	e391                	bnez	a5,8fa <_write.constprop.0+0x3c>
 8f8:	3f75                	jal	8b4 <internal_handle_input.constprop.0>
 8fa:	4481                	li	s1,0
 8fc:	50f2                	lw	ra,60(sp)
 8fe:	5462                	lw	s0,56(sp)
 900:	5942                	lw	s2,48(sp)
 902:	59b2                	lw	s3,44(sp)
 904:	5a22                	lw	s4,40(sp)
 906:	5a92                	lw	s5,36(sp)
 908:	5b02                	lw	s6,32(sp)
 90a:	4bf2                	lw	s7,28(sp)
 90c:	8526                	mv	a0,s1
 90e:	54d2                	lw	s1,52(sp)
 910:	6121                	addi	sp,sp,64
 912:	8082                	ret
 914:	412489b3          	sub	s3,s1,s2
 918:	013b5363          	bge	s6,s3,91e <_write.constprop.0+0x60>
 91c:	499d                	li	s3,7
 91e:	001007b7          	lui	a5,0x100
 922:	0785                	addi	a5,a5,1 # 100001 <ch585_picc.c.44ecbd41+0xfe00e>
 924:	4018                	lw	a4,0(s0)
 926:	08077693          	andi	a3,a4,128
 92a:	e6b1                	bnez	a3,976 <_write.constprop.0+0xb8>
 92c:	c311                	beqz	a4,930 <_write.constprop.0+0x72>
 92e:	3759                	jal	8b4 <internal_handle_input.constprop.0>
 930:	0078                	addi	a4,sp,12
 932:	478d                	li	a5,3
 934:	863a                	mv	a2,a4
 936:	0537c763          	blt	a5,s3,984 <_write.constprop.0+0xc6>
 93a:	47b2                	lw	a5,12(sp)
 93c:	012a0733          	add	a4,s4,s2
 940:	00faa023          	sw	a5,0(s5)
 944:	4781                	li	a5,0
 946:	00074583          	lbu	a1,0(a4) # 10000 <ch585_picc.c.44ecbd41+0xe00d>
 94a:	0785                	addi	a5,a5,1
 94c:	00f606b3          	add	a3,a2,a5
 950:	00b68023          	sb	a1,0(a3)
 954:	00f98563          	beq	s3,a5,95e <_write.constprop.0+0xa0>
 958:	0705                	addi	a4,a4,1
 95a:	ff7796e3          	bne	a5,s7,946 <_write.constprop.0+0x88>
 95e:	00498793          	addi	a5,s3,4
 962:	f807e793          	ori	a5,a5,-128
 966:	00f10623          	sb	a5,12(sp)
 96a:	47b2                	lw	a5,12(sp)
 96c:	994e                	add	s2,s2,s3
 96e:	c01c                	sw	a5,0(s0)
 970:	fa9942e3          	blt	s2,s1,914 <_write.constprop.0+0x56>
 974:	b761                	j	8fc <_write.constprop.0+0x3e>
 976:	17fd                	addi	a5,a5,-1
 978:	f7d5                	bnez	a5,924 <_write.constprop.0+0x66>
 97a:	401c                	lw	a5,0(s0)
 97c:	0c07e793          	ori	a5,a5,192
 980:	c01c                	sw	a5,0(s0)
 982:	bfa5                	j	8fa <_write.constprop.0+0x3c>
 984:	00f906b3          	add	a3,s2,a5
 988:	96d2                	add	a3,a3,s4
 98a:	0006c683          	lbu	a3,0(a3)
 98e:	0785                	addi	a5,a5,1
 990:	0705                	addi	a4,a4,1
 992:	fed70fa3          	sb	a3,-1(a4)
 996:	b745                	j	936 <_write.constprop.0+0x78>
 998:	e0000ab7          	lui	s5,0xe0000
 99c:	8a2a                	mv	s4,a0
 99e:	4901                	li	s2,0
 9a0:	4b1d                	li	s6,7
 9a2:	344a8a93          	addi	s5,s5,836 # e0000344 <_eusrstack+0xbffe0344>
 9a6:	4b8d                	li	s7,3
 9a8:	b7e1                	j	970 <_write.constprop.0+0xb2>

000009aa <handle_reset>:
 9aa:	20000197          	auipc	gp,0x20000
 9ae:	26218193          	addi	gp,gp,610 # 20000c0c <__global_pointer$>
 9b2:	2001f117          	auipc	sp,0x2001f
 9b6:	64e10113          	addi	sp,sp,1614 # 20020000 <_eusrstack>
 9ba:	c1418513          	addi	a0,gp,-1004 # 20000820 <gs_nfca_picc_cb>
 9be:	46018593          	addi	a1,gp,1120 # 2000106c <_ebss>
 9c2:	00b57763          	bgeu	a0,a1,9d0 <handle_reset+0x26>
 9c6:	00052023          	sw	zero,0(a0)
 9ca:	0511                	addi	a0,a0,4
 9cc:	feb56de3          	bltu	a0,a1,9c6 <handle_reset+0x1c>
 9d0:	0a000513          	li	a0,160
 9d4:	1ffff597          	auipc	a1,0x1ffff
 9d8:	62c58593          	addi	a1,a1,1580 # 20000000 <TMR0_IRQHandler>
 9dc:	20000617          	auipc	a2,0x20000
 9e0:	e3460613          	addi	a2,a2,-460 # 20000810 <gs_nfca_picc_cb>
 9e4:	00c5fa63          	bgeu	a1,a2,9f8 <handle_reset+0x4e>
 9e8:	00052283          	lw	t0,0(a0)
 9ec:	0055a023          	sw	t0,0(a1)
 9f0:	0511                	addi	a0,a0,4
 9f2:	0591                	addi	a1,a1,4
 9f4:	fec5eae3          	bltu	a1,a2,9e8 <handle_reset+0x3e>
 9f8:	00000517          	auipc	a0,0x0
 9fc:	43c50513          	addi	a0,a0,1084 # e34 <_data_lma>
 a00:	c0418593          	addi	a1,gp,-1020 # 20000810 <gs_nfca_picc_cb>
 a04:	c1418613          	addi	a2,gp,-1004 # 20000820 <gs_nfca_picc_cb>
 a08:	00c58a63          	beq	a1,a2,a1c <handle_reset+0x72>
 a0c:	00052283          	lw	t0,0(a0)
 a10:	0055a023          	sw	t0,0(a1)
 a14:	0511                	addi	a0,a0,4
 a16:	0591                	addi	a1,a1,4
 a18:	fec5eae3          	bltu	a1,a2,a0c <handle_reset+0x62>
 a1c:	00000793          	li	a5,0
 a20:	42fd                	li	t0,31
 a22:	bc029073          	csrw	0xbc0,t0
 a26:	6289                	lui	t0,0x2
 a28:	88828293          	addi	t0,t0,-1912 # 1888 <ch32fun.c.75567051+0x772>
 a2c:	3002a073          	csrs	mstatus,t0
 a30:	fffff297          	auipc	t0,0xfffff
 a34:	5d028293          	addi	t0,t0,1488 # 0 <InterruptVector>
 a38:	0032e293          	ori	t0,t0,3
 a3c:	30529073          	csrw	mtvec,t0
 a40:	e000f7b7          	lui	a5,0xe000f
 a44:	4705                	li	a4,1
 a46:	c398                	sw	a4,0(a5)
 a48:	6785                	lui	a5,0x1
 a4a:	b2478793          	addi	a5,a5,-1244 # b24 <main>
 a4e:	34179073          	csrw	mepc,a5
 a52:	30200073          	mret

00000a56 <ADC1_2_IRQHandler>:
 a56:	a001                	j	a56 <ADC1_2_IRQHandler>

00000a58 <strlen>:
 a58:	87aa                	mv	a5,a0
 a5a:	0007c703          	lbu	a4,0(a5)
 a5e:	e701                	bnez	a4,a66 <strlen+0xe>
 a60:	40a78533          	sub	a0,a5,a0
 a64:	8082                	ret
 a66:	0785                	addi	a5,a5,1
 a68:	bfcd                	j	a5a <strlen+0x2>

00000a6a <memset>:
 a6a:	962a                	add	a2,a2,a0
 a6c:	87aa                	mv	a5,a0
 a6e:	00c79363          	bne	a5,a2,a74 <memset+0xa>
 a72:	8082                	ret
 a74:	00b78023          	sb	a1,0(a5)
 a78:	0785                	addi	a5,a5,1
 a7a:	bfd5                	j	a6e <memset+0x4>

00000a7c <puts>:
 a7c:	1141                	addi	sp,sp,-16
 a7e:	c606                	sw	ra,12(sp)
 a80:	c422                	sw	s0,8(sp)
 a82:	c226                	sw	s1,4(sp)
 a84:	84aa                	mv	s1,a0
 a86:	3fc9                	jal	a58 <strlen>
 a88:	842a                	mv	s0,a0
 a8a:	85aa                	mv	a1,a0
 a8c:	8526                	mv	a0,s1
 a8e:	3d05                	jal	8be <_write.constprop.0>
 a90:	6505                	lui	a0,0x1
 a92:	4585                	li	a1,1
 a94:	d1450513          	addi	a0,a0,-748 # d14 <nfca_picc_register_callback+0x8>
 a98:	351d                	jal	8be <_write.constprop.0>
 a9a:	40b2                	lw	ra,12(sp)
 a9c:	00140513          	addi	a0,s0,1
 aa0:	4422                	lw	s0,8(sp)
 aa2:	4492                	lw	s1,4(sp)
 aa4:	0141                	addi	sp,sp,16
 aa6:	8082                	ret

00000aa8 <SystemInit>:
 aa8:	400017b7          	lui	a5,0x40001
 aac:	04078793          	addi	a5,a5,64 # 40001040 <_eusrstack+0x1ffe1040>
 ab0:	05700593          	li	a1,87
 ab4:	00b78023          	sb	a1,0(a5)
 ab8:	fa800613          	li	a2,-88
 abc:	00c78023          	sb	a2,0(a5)
 ac0:	0001                	nop
 ac2:	0001                	nop
 ac4:	40001737          	lui	a4,0x40001
 ac8:	00a74683          	lbu	a3,10(a4) # 4000100a <_eusrstack+0x1ffe100a>
 acc:	0106e693          	ori	a3,a3,16
 ad0:	00d70523          	sb	a3,10(a4)
 ad4:	40002737          	lui	a4,0x40002
 ad8:	4685                	li	a3,1
 ada:	80d703a3          	sb	a3,-2041(a4) # 40001807 <_eusrstack+0x1ffe1807>
 ade:	80574683          	lbu	a3,-2043(a4)
 ae2:	0106e693          	ori	a3,a3,16
 ae6:	80d702a3          	sb	a3,-2043(a4)
 aea:	00078023          	sb	zero,0(a5)
 aee:	0001                	nop
 af0:	0001                	nop
 af2:	00b78023          	sb	a1,0(a5)
 af6:	00c78023          	sb	a2,0(a5)
 afa:	0001                	nop
 afc:	0001                	nop
 afe:	40001737          	lui	a4,0x40001
 b02:	34500693          	li	a3,837
 b06:	00d71423          	sh	a3,8(a4) # 40001008 <_eusrstack+0x1ffe1008>
 b0a:	00078023          	sb	zero,0(a5)
 b0e:	0001                	nop
 b10:	0001                	nop
 b12:	e00007b7          	lui	a5,0xe0000
 b16:	3407a223          	sw	zero,836(a5) # e0000344 <_eusrstack+0xbffe0344>
 b1a:	08000713          	li	a4,128
 b1e:	34e7a023          	sw	a4,832(a5)
 b22:	8082                	ret

00000b24 <main>:
	.data_handler = nfca_picc_data_handler,
	.offline = nfca_picc_offline,
};

int main()
{
 b24:	1101                	addi	sp,sp,-32
 b26:	cc22                	sw	s0,24(sp)
 b28:	ce06                	sw	ra,28(sp)
	SystemInit();
 b2a:	3fbd                	jal	aa8 <SystemInit>
		*(&R32_PA_PD_DRV + OFFSET_FOR_GPIOB(pin)) |= (pin & ~PB);
		*(&R32_PA_PU + OFFSET_FOR_GPIOB(pin))     &= ~(pin & ~PB);
		*(&R32_PA_DIR + OFFSET_FOR_GPIOB(pin))    &= ~(pin & ~PB);
		break;
	case GPIO_ModeOut_PP_5mA:
		*(&R32_PA_PD_DRV + OFFSET_FOR_GPIOB(pin)) &= ~(pin & ~PB);
 b2c:	40001737          	lui	a4,0x40001
 b30:	0b470713          	addi	a4,a4,180 # 400010b4 <_eusrstack+0x1ffe10b4>
 b34:	431c                	lw	a5,0(a4)
	cfg.signal_buf = gs_picc_signal_buf;
 b36:	20001437          	lui	s0,0x20001
 b3a:	82840413          	addi	s0,s0,-2008 # 20000828 <gs_picc_signal_buf>
 b3e:	eff7f793          	andi	a5,a5,-257
 b42:	c31c                	sw	a5,0(a4)
		*(&R32_PA_DIR + OFFSET_FOR_GPIOB(pin))    |= (pin & ~PB);
 b44:	400017b7          	lui	a5,0x40001
 b48:	0a078793          	addi	a5,a5,160 # 400010a0 <_eusrstack+0x1ffe10a0>
 b4c:	4394                	lw	a3,0(a5)
	uint8_t res = nfca_picc_lib_init(&cfg);
 b4e:	850a                	mv	a0,sp
 b50:	1006e693          	ori	a3,a3,256
 b54:	c394                	sw	a3,0(a5)
		*(&R32_PA_PD_DRV + OFFSET_FOR_GPIOB(pin)) &= ~(pin & ~PB);
 b56:	4314                	lw	a3,0(a4)
 b58:	f7f6f693          	andi	a3,a3,-129
 b5c:	c314                	sw	a3,0(a4)
		*(&R32_PA_PU + OFFSET_FOR_GPIOB(pin))     &= ~(pin & ~PB);
 b5e:	40001737          	lui	a4,0x40001
 b62:	0b070713          	addi	a4,a4,176 # 400010b0 <_eusrstack+0x1ffe10b0>
 b66:	4314                	lw	a3,0(a4)
 b68:	f7f6f693          	andi	a3,a3,-129
 b6c:	c314                	sw	a3,0(a4)
		*(&R32_PA_DIR + OFFSET_FOR_GPIOB(pin))    &= ~(pin & ~PB);
 b6e:	4398                	lw	a4,0(a5)
 b70:	f7f77713          	andi	a4,a4,-129
 b74:	c398                	sw	a4,0(a5)
	R32_PIN_IN_DIS |= PA7; // disable PA7 digital input
 b76:	400017b7          	lui	a5,0x40001
 b7a:	4fd8                	lw	a4,28(a5)
		*(&R32_PA_PD_DRV + OFFSET_FOR_GPIOB(pin)) &= ~(pin & ~PB);
 b7c:	0d478693          	addi	a3,a5,212 # 400010d4 <_eusrstack+0x1ffe10d4>
 b80:	08076713          	ori	a4,a4,128
 b84:	cfd8                	sw	a4,28(a5)
 b86:	4290                	lw	a2,0(a3)
 b88:	fffd0737          	lui	a4,0xfffd0
 b8c:	cff70713          	addi	a4,a4,-769 # fffcfcff <_eusrstack+0xdffafcff>
 b90:	8e79                	and	a2,a2,a4
 b92:	c290                	sw	a2,0(a3)
		*(&R32_PA_PU + OFFSET_FOR_GPIOB(pin))     &= ~(pin & ~PB);
 b94:	0d078693          	addi	a3,a5,208
 b98:	4290                	lw	a2,0(a3)
 b9a:	8e79                	and	a2,a2,a4
 b9c:	c290                	sw	a2,0(a3)
		*(&R32_PA_DIR + OFFSET_FOR_GPIOB(pin))    &= ~(pin & ~PB);
 b9e:	0c078693          	addi	a3,a5,192
 ba2:	4290                	lw	a2,0(a3)
 ba4:	8f71                	and	a4,a4,a2
 ba6:	c298                	sw	a4,0(a3)
	R32_PIN_IN_DIS |= (((PB8 | PB9) & ~PB) << 16); // disable PB8 PB9 digital input
 ba8:	4fd8                	lw	a4,28(a5)
 baa:	030006b7          	lui	a3,0x3000
 bae:	8f55                	or	a4,a4,a3
 bb0:	cfd8                	sw	a4,28(a5)
	R16_PIN_CONFIG |= (((PB16 | PB17) & ~PB) >> 8); // pin alt func
 bb2:	400017b7          	lui	a5,0x40001
 bb6:	01a7d703          	lhu	a4,26(a5) # 4000101a <_eusrstack+0x1ffe101a>
 bba:	30076713          	ori	a4,a4,768
 bbe:	00e79d23          	sh	a4,26(a5)
	cfg.parity_buf = g_picc_parity_buf;
 bc2:	41c18793          	addi	a5,gp,1052 # 20001028 <g_picc_parity_buf>
 bc6:	c43e                	sw	a5,8(sp)
	cfg.data_buf = g_picc_data_buf;
 bc8:	43018793          	addi	a5,gp,1072 # 2000103c <g_picc_data_buf>
 bcc:	c23e                	sw	a5,4(sp)
	cfg.signal_buf_len = PICC_SIGNAL_BUF_LEN;
 bce:	001407b7          	lui	a5,0x140
 bd2:	20078793          	addi	a5,a5,512 # 140200 <ch585_picc.c.44ecbd41+0x13e20d>
	cfg.signal_buf = gs_picc_signal_buf;
 bd6:	c022                	sw	s0,0(sp)
	cfg.signal_buf_len = PICC_SIGNAL_BUF_LEN;
 bd8:	c63e                	sw	a5,12(sp)
	uint8_t res = nfca_picc_lib_init(&cfg);
 bda:	20e5                	jal	cc2 <nfca_picc_lib_init>
	if(res) {
 bdc:	c511                	beqz	a0,be8 <main+0xc4>
		printf("nfca picc lib init error\n");
 bde:	6505                	lui	a0,0x1
 be0:	d1850513          	addi	a0,a0,-744 # d18 <nfca_picc_register_callback+0xc>
 be4:	3d61                	jal	a7c <puts>
		while(1);
 be6:	a001                	j	be6 <main+0xc2>
	funGpioInitAll(); // no-op on ch5xx

	funPinMode( PIN_LED, GPIO_CFGLR_OUT_2Mhz_PP ); // Set PIN_LED to output

	nfca_picc_init();
	nfca_picc_register_callback(&gs_nfca_picc_cb);
 be8:	c0418513          	addi	a0,gp,-1020 # 20000810 <gs_nfca_picc_cb>
 bec:	2205                	jal	d0c <nfca_picc_register_callback>
	nfca_picc_lib_start();
 bee:	1ffff097          	auipc	ra,0x1ffff
 bf2:	510080e7          	jalr	1296(ra) # 200000fe <nfca_picc_lib_start>
	R8_TMR3_CTRL_MOD = RB_TMR_ALL_CLEAR;
 bf6:	400037b7          	lui	a5,0x40003
 bfa:	4709                	li	a4,2
 bfc:	c0e78023          	sb	a4,-1024(a5) # 40002c00 <_eusrstack+0x1ffe2c00>
	R8_TMR3_CTRL_MOD = (Low_Level << 4) | (PWM_Times_4 << 6) | RB_TMR_FREQ_13_56;
 c00:	07000693          	li	a3,112
 c04:	c0d78023          	sb	a3,-1024(a5)
	R32_TMR3_CNT_END = TMR3_NFCA_PICC_CNT_END;
 c08:	4649                	li	a2,18
 c0a:	c0c7a623          	sw	a2,-1012(a5)
	R32_TMR3_FIFO = 0;
 c0e:	c007a823          	sw	zero,-1008(a5)
	R32_TMR3_DMA_END = R32_TMR3_DMA_NOW + 0x100;
 c12:	c147a683          	lw	a3,-1004(a5)
	R8_TMR3_INT_FLAG = RB_TMR_IF_DMA_END;
 c16:	45a1                	li	a1,8
	R8_TMR0_CTRL_MOD = RB_TMR_ALL_CLEAR;
 c18:	40002637          	lui	a2,0x40002
	R32_TMR3_DMA_END = R32_TMR3_DMA_NOW + 0x100;
 c1c:	10068693          	addi	a3,a3,256 # 3000100 <ch585_picc.c.44ecbd41+0x2ffe10d>
 c20:	c0d7ae23          	sw	a3,-996(a5)
	R8_TMR3_INT_FLAG = RB_TMR_IF_DMA_END;
 c24:	c0b78323          	sb	a1,-1018(a5)
	R8_TMR3_INTER_EN = RB_TMR_IE_DMA_END;
 c28:	c0b78123          	sb	a1,-1022(a5)
	R8_TMR3_CTRL_MOD = ((Low_Level << 4) | (PWM_Times_4 << 6) | RB_TMR_FREQ_13_56 | RB_TMR_COUNT_EN);
 c2c:	07400693          	li	a3,116
 c30:	c0d78023          	sb	a3,-1024(a5)
	R8_TMR0_CTRL_MOD = RB_TMR_ALL_CLEAR;
 c34:	00e60023          	sb	a4,0(a2) # 40002000 <_eusrstack+0x1ffe2000>
	R8_TMR0_CTRL_MOD = RB_TMR_MODE_IN | (RiseEdge_To_RiseEdge << 6) | RB_TMR_FREQ_13_56;
 c38:	5785                	li	a5,-31
 c3a:	00f60023          	sb	a5,0(a2)
	R32_TMR0_CNT_END = TMR0_NFCA_PICC_CNT_END;
 c3e:	12000693          	li	a3,288
 c42:	c654                	sw	a3,12(a2)
	R32_TMR0_DMA_END = R32_TMR0_DMA_NOW + 0x100;
 c44:	4a5c                	lw	a5,20(a2)
	while( ((int32_t)( SysTick->CNT - targend )) < 0 );
#elif defined(CH32V20x) || defined(CH32V30x) || defined(CH32X03x) || defined(CH32L103) || defined(CH582_CH583) || defined(CH591_CH592)
	uint64_t targend = SysTick->CNT + n;
	while( ((int64_t)( SysTick->CNT - targend )) < 0 );
#elif defined(CH32V10x) || defined(CH570_CH572) || defined(CH584_CH585)
	uint32_t targend = SysTick->CNTL + n;
 c46:	001dc6b7          	lui	a3,0x1dc
 c4a:	13068693          	addi	a3,a3,304 # 1dc130 <ch585_picc.c.44ecbd41+0x1da13d>
 c4e:	10078793          	addi	a5,a5,256
 c52:	ce5c                	sw	a5,28(a2)
	R8_TMR0_INT_FLAG = RB_TMR_IF_DMA_END;
 c54:	00b60323          	sb	a1,6(a2)
	R32_TMR0_DMA_BEG = (uint32_t)gs_picc_signal_buf;
 c58:	ce00                	sw	s0,24(a2)
	R32_TMR0_DMA_END = (uint32_t)&(gs_picc_signal_buf[PICC_SIGNAL_BUF_LEN]);
 c5a:	41c18593          	addi	a1,gp,1052 # 20001028 <g_picc_parity_buf>
 c5e:	ce4c                	sw	a1,28(a2)
	R8_TMR0_CTRL_DMA = RB_TMR_DMA_LOOP | RB_TMR_DMA_ENABLE;
 c60:	4595                	li	a1,5
 c62:	00b600a3          	sb	a1,1(a2)
	R8_TMR0_INT_FLAG = RB_TMR_IF_DATA_ACT;
 c66:	00e60323          	sb	a4,6(a2)
	R8_TMR0_INTER_EN = RB_TMR_IE_DATA_ACT;
 c6a:	00e60123          	sb	a4,2(a2)
	R8_TMR0_CTRL_MOD = (RB_TMR_MODE_IN | (RiseEdge_To_RiseEdge << 6) | RB_TMR_FREQ_13_56 | RB_TMR_COUNT_EN);
 c6e:	5795                	li	a5,-27
 c70:	00f60023          	sb	a5,0(a2)
	NVIC->IENR[((uint32_t)(IRQn) >> 5)] = (1 << ((uint32_t)(IRQn) & 0x1F));
 c74:	4705                	li	a4,1
 c76:	e000e7b7          	lui	a5,0xe000e
 c7a:	10e7a223          	sw	a4,260(a5) # e000e104 <_eusrstack+0xbffee104>
 c7e:	6741                	lui	a4,0x10
 c80:	10e7a023          	sw	a4,256(a5)
	nfca_picc_start();

	while(1) {
		funDigitalWrite( PIN_LED, FUN_LOW );  // Turn on LED
		Delay_Ms( 250 );
		funDigitalWrite( PIN_LED, FUN_HIGH ); // Turn off LED
 c84:	40001637          	lui	a2,0x40001
		funDigitalWrite( PIN_LED, FUN_LOW );  // Turn on LED
 c88:	400017b7          	lui	a5,0x40001
 c8c:	0ac78793          	addi	a5,a5,172 # 400010ac <_eusrstack+0x1ffe10ac>
 c90:	e000f737          	lui	a4,0xe000f
		funDigitalWrite( PIN_LED, FUN_HIGH ); // Turn off LED
 c94:	0a860613          	addi	a2,a2,168 # 400010a8 <_eusrstack+0x1ffe10a8>
		funDigitalWrite( PIN_LED, FUN_LOW );  // Turn on LED
 c98:	438c                	lw	a1,0(a5)
 c9a:	1005e593          	ori	a1,a1,256
 c9e:	c38c                	sw	a1,0(a5)
 ca0:	4708                	lw	a0,8(a4)
 ca2:	9536                	add	a0,a0,a3
	while( ((int32_t)( SysTick->CNTL - targend )) < 0 );
 ca4:	470c                	lw	a1,8(a4)
 ca6:	8d89                	sub	a1,a1,a0
 ca8:	fe05cee3          	bltz	a1,ca4 <main+0x180>
		funDigitalWrite( PIN_LED, FUN_HIGH ); // Turn off LED
 cac:	420c                	lw	a1,0(a2)
 cae:	1005e593          	ori	a1,a1,256
 cb2:	c20c                	sw	a1,0(a2)
	uint32_t targend = SysTick->CNTL + n;
 cb4:	4708                	lw	a0,8(a4)
 cb6:	9536                	add	a0,a0,a3
	while( ((int32_t)( SysTick->CNTL - targend )) < 0 );
 cb8:	470c                	lw	a1,8(a4)
 cba:	8d89                	sub	a1,a1,a0
 cbc:	fe05cee3          	bltz	a1,cb8 <main+0x194>
 cc0:	bfe1                	j	c98 <main+0x174>

00000cc2 <nfca_picc_lib_init>:
 cc2:	c1818693          	addi	a3,gp,-1000 # 20000824 <nfca_available>
 cc6:	229c                	.insn	2, 0x229c
 cc8:	c38d                	beqz	a5,cea <nfca_picc_lib_init+0x28>
 cca:	4118                	lw	a4,0(a0)
 ccc:	44418793          	addi	a5,gp,1092 # 20001050 <gs_nfca_picc_controller>
 cd0:	c398                	sw	a4,0(a5)
 cd2:	255a                	.insn	2, 0x255a
 cd4:	ab9a                	.insn	2, 0xab9a
 cd6:	4158                	lw	a4,4(a0)
 cd8:	c3d8                	sw	a4,4(a5)
 cda:	257a                	.insn	2, 0x257a
 cdc:	abba                	.insn	2, 0xabba
 cde:	4518                	lw	a4,8(a0)
 ce0:	4501                	li	a0,0
 ce2:	c798                	sw	a4,8(a5)
 ce4:	4401a823          	sw	zero,1104(gp) # 2000105c <gs_nfca_picc_controller+0xc>
 ce8:	8082                	ret
 cea:	0007f7b7          	lui	a5,0x7f
 cee:	53dc                	lw	a5,36(a5)
 cf0:	8bbd                	andi	a5,a5,15
 cf2:	17e9                	addi	a5,a5,-6 # 7effa <ch585_picc.c.44ecbd41+0x7d007>
 cf4:	0ff7f793          	zext.b	a5,a5
 cf8:	0027b713          	sltiu	a4,a5,2
 cfc:	00174713          	xori	a4,a4,1
 d00:	a298                	.insn	2, 0xa298
 d02:	4705                	li	a4,1
 d04:	fcf763e3          	bltu	a4,a5,cca <nfca_picc_lib_init+0x8>
 d08:	4505                	li	a0,1
 d0a:	8082                	ret

00000d0c <nfca_picc_register_callback>:
 d0c:	c0a1aa23          	sw	a0,-1004(gp) # 20000820 <gs_nfca_picc_cb>
 d10:	8082                	ret
 d12:	0000                	unimp
 d14:	000a                	c.slli	zero,0x2
 d16:	0000                	unimp
 d18:	666e                	.insn	2, 0x666e
 d1a:	70206163          	bltu	zero,sp,141c <ch32fun.c.75567051+0x306>
 d1e:	6369                	lui	t1,0x1a
 d20:	696c2063          	.insn	4, 0x696c2063
 d24:	2062                	.insn	2, 0x2062
 d26:	6e69                	lui	t3,0x1a
 d28:	7469                	lui	s0,0xffffa
 d2a:	6520                	.insn	2, 0x6520
 d2c:	7272                	.insn	2, 0x7272
 d2e:	0000726f          	jal	tp,7d2e <ch585_picc.c.44ecbd41+0x5d3b>
	...

00000d34 <byteParityBitsTable>:
 d34:	01000001 00010100 00010100 01000001     ................
 d44:	00010100 01000001 01000001 00010100     ................
 d54:	00010100 01000001 01000001 00010100     ................
 d64:	01000001 00010100 00010100 01000001     ................
 d74:	00010100 01000001 01000001 00010100     ................
 d84:	01000001 00010100 00010100 01000001     ................
 d94:	01000001 00010100 00010100 01000001     ................
 da4:	00010100 01000001 01000001 00010100     ................
 db4:	00010100 01000001 01000001 00010100     ................
 dc4:	01000001 00010100 00010100 01000001     ................
 dd4:	01000001 00010100 00010100 01000001     ................
 de4:	00010100 01000001 01000001 00010100     ................
 df4:	01000001 00010100 00010100 01000001     ................
 e04:	00010100 01000001 01000001 00010100     ................
 e14:	00010100 01000001 01000001 00010100     ................
 e24:	01000001 00010100 00010100 01000001     ................
